<?xml version="1.0" encoding="UTF-8"?>
<!-- Generated by org.testng.reporters.JUnitXMLReporter -->
<testsuite hostname="DESKTOP-PCU4PVQ" ignored="0" name="Surefire test" tests="3" failures="0" timestamp="2021-05-15T10:23:30 BST" time="9.261" errors="0">
  <testcase name="addValidCard on addValidCard(com.example.springbootderby.SpringBootDerbyApplicationTests)" time="8.558" classname="com.example.springbootderby.SpringBootDerbyApplicationTests"/>
  <testcase name="addInvalidCard on addInvalidCard(com.example.springbootderby.SpringBootDerbyApplicationTests)" time="8.594" classname="com.example.springbootderby.SpringBootDerbyApplicationTests"/>
  <testcase name="contextLoads on contextLoads(com.example.springbootderby.SpringBootDerbyApplicationTests)" time="8.6" classname="com.example.springbootderby.SpringBootDerbyApplicationTests"/>
</testsuite> <!-- Surefire test -->
